mode: set
github.com/Orololuwa/go-backend-boilerplate/cmd/main/main.go:25.13,27.17 2 0
github.com/Orololuwa/go-backend-boilerplate/cmd/main/main.go:27.17,29.3 1 0
github.com/Orololuwa/go-backend-boilerplate/cmd/main/main.go:30.2,40.16 5 0
github.com/Orololuwa/go-backend-boilerplate/cmd/main/main.go:40.16,42.3 1 0
github.com/Orololuwa/go-backend-boilerplate/cmd/main/main.go:45.32,57.16 8 1
github.com/Orololuwa/go-backend-boilerplate/cmd/main/main.go:57.16,59.3 1 0
github.com/Orololuwa/go-backend-boilerplate/cmd/main/main.go:60.2,66.16 4 1
github.com/Orololuwa/go-backend-boilerplate/cmd/main/routes.go:11.28,24.2 9 1
github.com/Orololuwa/go-backend-boilerplate/src/handlers/handlers.go:27.62,32.2 1 0
github.com/Orololuwa/go-backend-boilerplate/src/handlers/handlers.go:35.51,40.2 1 1
github.com/Orololuwa/go-backend-boilerplate/src/handlers/handlers.go:42.32,44.2 1 1
github.com/Orololuwa/go-backend-boilerplate/src/handlers/handlers.go:51.68,58.16 3 1
github.com/Orololuwa/go-backend-boilerplate/src/handlers/handlers.go:58.16,61.3 2 0
github.com/Orololuwa/go-backend-boilerplate/src/handlers/handlers.go:63.2,64.14 2 1
github.com/Orololuwa/go-backend-boilerplate/src/handlers/handlers.go:77.78,78.33 1 1
github.com/Orololuwa/go-backend-boilerplate/src/handlers/handlers.go:78.33,81.3 2 1
github.com/Orololuwa/go-backend-boilerplate/src/handlers/handlers.go:83.2,85.16 3 1
github.com/Orololuwa/go-backend-boilerplate/src/handlers/handlers.go:85.16,88.3 2 1
github.com/Orololuwa/go-backend-boilerplate/src/handlers/handlers.go:90.2,96.16 5 1
github.com/Orololuwa/go-backend-boilerplate/src/handlers/handlers.go:96.16,99.3 2 1
github.com/Orololuwa/go-backend-boilerplate/src/handlers/handlers.go:101.2,102.16 2 1
github.com/Orololuwa/go-backend-boilerplate/src/handlers/handlers.go:102.16,105.3 2 1
github.com/Orololuwa/go-backend-boilerplate/src/handlers/handlers.go:107.2,108.16 2 1
github.com/Orololuwa/go-backend-boilerplate/src/handlers/handlers.go:108.16,111.3 2 1
github.com/Orololuwa/go-backend-boilerplate/src/handlers/handlers.go:113.2,125.16 3 1
github.com/Orololuwa/go-backend-boilerplate/src/handlers/handlers.go:125.16,128.3 2 1
github.com/Orololuwa/go-backend-boilerplate/src/handlers/handlers.go:130.2,139.16 3 1
github.com/Orololuwa/go-backend-boilerplate/src/handlers/handlers.go:139.16,142.3 2 1
github.com/Orololuwa/go-backend-boilerplate/src/handlers/handlers.go:144.2,144.93 1 1
github.com/Orololuwa/go-backend-boilerplate/src/handlers/handlers.go:152.81,153.33 1 1
github.com/Orololuwa/go-backend-boilerplate/src/handlers/handlers.go:153.33,156.3 2 1
github.com/Orololuwa/go-backend-boilerplate/src/handlers/handlers.go:158.2,160.16 3 1
github.com/Orololuwa/go-backend-boilerplate/src/handlers/handlers.go:160.16,163.3 2 1
github.com/Orololuwa/go-backend-boilerplate/src/handlers/handlers.go:165.2,171.16 5 1
github.com/Orololuwa/go-backend-boilerplate/src/handlers/handlers.go:171.16,174.3 2 1
github.com/Orololuwa/go-backend-boilerplate/src/handlers/handlers.go:176.2,177.16 2 1
github.com/Orololuwa/go-backend-boilerplate/src/handlers/handlers.go:177.16,180.3 2 1
github.com/Orololuwa/go-backend-boilerplate/src/handlers/handlers.go:182.2,183.17 2 1
github.com/Orololuwa/go-backend-boilerplate/src/handlers/handlers.go:183.17,186.3 2 1
github.com/Orololuwa/go-backend-boilerplate/src/handlers/handlers.go:188.2,188.90 1 1
github.com/Orololuwa/go-backend-boilerplate/src/handlers/handlers.go:191.88,192.33 1 1
github.com/Orololuwa/go-backend-boilerplate/src/handlers/handlers.go:192.33,195.3 2 1
github.com/Orololuwa/go-backend-boilerplate/src/handlers/handlers.go:197.2,199.27 3 1
github.com/Orololuwa/go-backend-boilerplate/src/handlers/handlers.go:199.27,202.17 3 1
github.com/Orololuwa/go-backend-boilerplate/src/handlers/handlers.go:202.17,205.4 2 1
github.com/Orololuwa/go-backend-boilerplate/src/handlers/handlers.go:206.7,208.17 2 0
github.com/Orololuwa/go-backend-boilerplate/src/handlers/handlers.go:208.17,211.4 2 0
github.com/Orololuwa/go-backend-boilerplate/src/handlers/handlers.go:214.2,216.16 3 1
github.com/Orololuwa/go-backend-boilerplate/src/handlers/handlers.go:216.16,219.3 2 1
github.com/Orololuwa/go-backend-boilerplate/src/handlers/handlers.go:221.2,227.16 5 1
github.com/Orololuwa/go-backend-boilerplate/src/handlers/handlers.go:227.16,230.3 2 1
github.com/Orololuwa/go-backend-boilerplate/src/handlers/handlers.go:232.2,233.16 2 1
github.com/Orololuwa/go-backend-boilerplate/src/handlers/handlers.go:233.16,236.3 2 1
github.com/Orololuwa/go-backend-boilerplate/src/handlers/handlers.go:238.2,239.16 2 1
github.com/Orololuwa/go-backend-boilerplate/src/handlers/handlers.go:239.16,242.3 2 1
github.com/Orololuwa/go-backend-boilerplate/src/handlers/handlers.go:244.2,244.99 1 1
github.com/Orololuwa/go-backend-boilerplate/src/handlers/handlers.go:248.73,251.27 3 1
github.com/Orololuwa/go-backend-boilerplate/src/handlers/handlers.go:251.27,254.17 3 1
github.com/Orololuwa/go-backend-boilerplate/src/handlers/handlers.go:254.17,257.4 2 1
github.com/Orololuwa/go-backend-boilerplate/src/handlers/handlers.go:258.7,260.17 2 0
github.com/Orololuwa/go-backend-boilerplate/src/handlers/handlers.go:260.17,263.4 2 0
github.com/Orololuwa/go-backend-boilerplate/src/handlers/handlers.go:266.2,267.16 2 1
github.com/Orololuwa/go-backend-boilerplate/src/handlers/handlers.go:267.16,270.3 2 1
github.com/Orololuwa/go-backend-boilerplate/src/handlers/handlers.go:272.2,272.85 1 1
github.com/Orololuwa/go-backend-boilerplate/src/handlers/handlers.go:275.73,281.28 4 1
github.com/Orololuwa/go-backend-boilerplate/src/handlers/handlers.go:281.28,283.17 2 1
github.com/Orololuwa/go-backend-boilerplate/src/handlers/handlers.go:283.17,286.4 2 1
github.com/Orololuwa/go-backend-boilerplate/src/handlers/handlers.go:287.3,287.15 1 1
github.com/Orololuwa/go-backend-boilerplate/src/handlers/handlers.go:291.2,292.16 2 1
github.com/Orololuwa/go-backend-boilerplate/src/handlers/handlers.go:292.16,295.3 2 1
github.com/Orololuwa/go-backend-boilerplate/src/handlers/handlers.go:297.2,297.87 1 1
