mode: set
github.com/Orololuwa/go-backend-boilerplate/cmd/main/main.go:23.13,25.17 2 0
github.com/Orololuwa/go-backend-boilerplate/cmd/main/main.go:25.17,27.3 1 0
github.com/Orololuwa/go-backend-boilerplate/cmd/main/main.go:28.2,38.16 5 0
github.com/Orololuwa/go-backend-boilerplate/cmd/main/main.go:38.16,40.3 1 0
github.com/Orololuwa/go-backend-boilerplate/cmd/main/main.go:43.32,46.16 2 1
github.com/Orololuwa/go-backend-boilerplate/cmd/main/main.go:46.16,48.3 1 0
github.com/Orololuwa/go-backend-boilerplate/cmd/main/main.go:50.2,84.16 18 1
github.com/Orololuwa/go-backend-boilerplate/cmd/main/main.go:84.16,86.3 1 0
github.com/Orololuwa/go-backend-boilerplate/cmd/main/main.go:87.2,93.16 4 1
github.com/Orololuwa/go-backend-boilerplate/cmd/main/main.go:96.33,98.16 2 1
github.com/Orololuwa/go-backend-boilerplate/cmd/main/main.go:98.16,99.13 1 0
github.com/Orololuwa/go-backend-boilerplate/cmd/main/main.go:102.2,102.6 1 1
github.com/Orololuwa/go-backend-boilerplate/cmd/main/main.go:102.6,104.47 2 1
github.com/Orololuwa/go-backend-boilerplate/cmd/main/main.go:104.47,105.9 1 1
github.com/Orololuwa/go-backend-boilerplate/cmd/main/main.go:108.3,109.27 2 1
github.com/Orololuwa/go-backend-boilerplate/cmd/main/main.go:109.27,110.41 1 0
github.com/Orololuwa/go-backend-boilerplate/cmd/main/main.go:112.3,112.22 1 1
github.com/Orololuwa/go-backend-boilerplate/cmd/main/main.go:115.2,115.43 1 1
github.com/Orololuwa/go-backend-boilerplate/cmd/main/routes.go:15.64,46.2 13 1
github.com/Orololuwa/go-backend-boilerplate/src/handlers/handlers.go:34.62,39.2 1 0
github.com/Orololuwa/go-backend-boilerplate/src/handlers/handlers.go:42.51,47.2 1 1
github.com/Orololuwa/go-backend-boilerplate/src/handlers/handlers.go:49.32,51.2 1 1
github.com/Orololuwa/go-backend-boilerplate/src/handlers/handlers.go:58.68,65.16 3 1
github.com/Orololuwa/go-backend-boilerplate/src/handlers/handlers.go:65.16,68.3 2 0
github.com/Orololuwa/go-backend-boilerplate/src/handlers/handlers.go:70.2,71.14 2 1
github.com/Orololuwa/go-backend-boilerplate/src/handlers/handlers.go:76.78,77.33 1 1
github.com/Orololuwa/go-backend-boilerplate/src/handlers/handlers.go:77.33,80.3 2 1
github.com/Orololuwa/go-backend-boilerplate/src/handlers/handlers.go:82.2,84.16 3 1
github.com/Orololuwa/go-backend-boilerplate/src/handlers/handlers.go:84.16,87.3 2 1
github.com/Orololuwa/go-backend-boilerplate/src/handlers/handlers.go:91.2,92.16 2 1
github.com/Orololuwa/go-backend-boilerplate/src/handlers/handlers.go:92.16,97.3 4 1
github.com/Orololuwa/go-backend-boilerplate/src/handlers/handlers.go:99.2,105.16 5 1
github.com/Orololuwa/go-backend-boilerplate/src/handlers/handlers.go:105.16,108.3 2 1
github.com/Orololuwa/go-backend-boilerplate/src/handlers/handlers.go:110.2,111.16 2 1
github.com/Orololuwa/go-backend-boilerplate/src/handlers/handlers.go:111.16,114.3 2 1
github.com/Orololuwa/go-backend-boilerplate/src/handlers/handlers.go:116.2,117.16 2 1
github.com/Orololuwa/go-backend-boilerplate/src/handlers/handlers.go:117.16,120.3 2 1
github.com/Orololuwa/go-backend-boilerplate/src/handlers/handlers.go:122.2,134.74 3 1
github.com/Orololuwa/go-backend-boilerplate/src/handlers/handlers.go:134.74,136.17 2 0
github.com/Orololuwa/go-backend-boilerplate/src/handlers/handlers.go:136.17,138.10 1 0
github.com/Orololuwa/go-backend-boilerplate/src/handlers/handlers.go:140.3,149.17 3 0
github.com/Orololuwa/go-backend-boilerplate/src/handlers/handlers.go:149.17,151.10 1 0
github.com/Orololuwa/go-backend-boilerplate/src/handlers/handlers.go:153.3,153.13 1 0
github.com/Orololuwa/go-backend-boilerplate/src/handlers/handlers.go:157.2,157.16 1 1
github.com/Orololuwa/go-backend-boilerplate/src/handlers/handlers.go:157.16,160.3 2 1
github.com/Orololuwa/go-backend-boilerplate/src/handlers/handlers.go:164.2,164.93 1 0
github.com/Orololuwa/go-backend-boilerplate/src/handlers/handlers.go:169.81,170.33 1 1
github.com/Orololuwa/go-backend-boilerplate/src/handlers/handlers.go:170.33,173.3 2 1
github.com/Orololuwa/go-backend-boilerplate/src/handlers/handlers.go:175.2,177.34 3 1
github.com/Orololuwa/go-backend-boilerplate/src/handlers/handlers.go:177.34,180.6 2 1
github.com/Orololuwa/go-backend-boilerplate/src/handlers/handlers.go:181.2,189.16 6 1
github.com/Orololuwa/go-backend-boilerplate/src/handlers/handlers.go:189.16,192.3 2 1
github.com/Orololuwa/go-backend-boilerplate/src/handlers/handlers.go:194.2,195.16 2 1
github.com/Orololuwa/go-backend-boilerplate/src/handlers/handlers.go:195.16,198.3 2 1
github.com/Orololuwa/go-backend-boilerplate/src/handlers/handlers.go:200.2,203.17 3 1
github.com/Orololuwa/go-backend-boilerplate/src/handlers/handlers.go:203.17,206.3 2 1
github.com/Orololuwa/go-backend-boilerplate/src/handlers/handlers.go:208.2,208.90 1 1
github.com/Orololuwa/go-backend-boilerplate/src/handlers/handlers.go:211.88,212.33 1 1
github.com/Orololuwa/go-backend-boilerplate/src/handlers/handlers.go:212.33,215.3 2 1
github.com/Orololuwa/go-backend-boilerplate/src/handlers/handlers.go:217.2,222.16 5 1
github.com/Orololuwa/go-backend-boilerplate/src/handlers/handlers.go:222.16,225.3 2 1
github.com/Orololuwa/go-backend-boilerplate/src/handlers/handlers.go:227.2,229.34 3 1
github.com/Orololuwa/go-backend-boilerplate/src/handlers/handlers.go:229.34,232.6 2 1
github.com/Orololuwa/go-backend-boilerplate/src/handlers/handlers.go:233.2,241.16 6 1
github.com/Orololuwa/go-backend-boilerplate/src/handlers/handlers.go:241.16,244.3 2 1
github.com/Orololuwa/go-backend-boilerplate/src/handlers/handlers.go:246.2,247.16 2 1
github.com/Orololuwa/go-backend-boilerplate/src/handlers/handlers.go:247.16,250.3 2 1
github.com/Orololuwa/go-backend-boilerplate/src/handlers/handlers.go:252.2,256.16 3 1
github.com/Orololuwa/go-backend-boilerplate/src/handlers/handlers.go:256.16,259.3 2 1
github.com/Orololuwa/go-backend-boilerplate/src/handlers/handlers.go:261.2,261.99 1 1
github.com/Orololuwa/go-backend-boilerplate/src/handlers/handlers.go:265.73,268.27 3 1
github.com/Orololuwa/go-backend-boilerplate/src/handlers/handlers.go:268.27,271.17 3 1
github.com/Orololuwa/go-backend-boilerplate/src/handlers/handlers.go:271.17,274.4 2 1
github.com/Orololuwa/go-backend-boilerplate/src/handlers/handlers.go:275.7,277.17 2 0
github.com/Orololuwa/go-backend-boilerplate/src/handlers/handlers.go:277.17,280.4 2 0
github.com/Orololuwa/go-backend-boilerplate/src/handlers/handlers.go:283.2,284.16 2 1
github.com/Orololuwa/go-backend-boilerplate/src/handlers/handlers.go:284.16,287.3 2 1
github.com/Orololuwa/go-backend-boilerplate/src/handlers/handlers.go:289.2,289.85 1 1
github.com/Orololuwa/go-backend-boilerplate/src/handlers/handlers.go:292.73,298.28 4 1
github.com/Orololuwa/go-backend-boilerplate/src/handlers/handlers.go:298.28,300.17 2 1
github.com/Orololuwa/go-backend-boilerplate/src/handlers/handlers.go:300.17,303.4 2 1
github.com/Orololuwa/go-backend-boilerplate/src/handlers/handlers.go:304.3,304.15 1 1
github.com/Orololuwa/go-backend-boilerplate/src/handlers/handlers.go:307.2,308.16 2 1
github.com/Orololuwa/go-backend-boilerplate/src/handlers/handlers.go:308.16,311.3 2 1
github.com/Orololuwa/go-backend-boilerplate/src/handlers/handlers.go:313.2,313.87 1 1
github.com/Orololuwa/go-backend-boilerplate/src/handlers/handlers.go:317.71,320.34 3 1
github.com/Orololuwa/go-backend-boilerplate/src/handlers/handlers.go:320.34,323.6 2 1
github.com/Orololuwa/go-backend-boilerplate/src/handlers/handlers.go:324.2,328.16 3 1
github.com/Orololuwa/go-backend-boilerplate/src/handlers/handlers.go:328.16,330.3 1 0
github.com/Orololuwa/go-backend-boilerplate/src/handlers/handlers.go:332.2,334.80 2 1
github.com/Orololuwa/go-backend-boilerplate/src/handlers/handlers.go:337.76,339.2 1 1
github.com/Orololuwa/go-backend-boilerplate/src/handlers/handlers.go:341.83,343.68 2 0
github.com/Orololuwa/go-backend-boilerplate/src/handlers/handlers.go:343.68,345.17 2 0
github.com/Orololuwa/go-backend-boilerplate/src/handlers/handlers.go:345.17,347.10 1 0
github.com/Orololuwa/go-backend-boilerplate/src/handlers/handlers.go:349.3,350.17 2 0
github.com/Orololuwa/go-backend-boilerplate/src/handlers/handlers.go:350.17,352.10 1 0
github.com/Orololuwa/go-backend-boilerplate/src/handlers/handlers.go:354.3,354.13 1 0
github.com/Orololuwa/go-backend-boilerplate/src/handlers/handlers.go:357.2,357.85 1 0
github.com/Orololuwa/go-backend-boilerplate/src/middleware/middleware.go:24.58,29.2 1 0
github.com/Orololuwa/go-backend-boilerplate/src/middleware/middleware.go:31.47,36.2 1 1
github.com/Orololuwa/go-backend-boilerplate/src/middleware/middleware.go:38.101,39.74 1 1
github.com/Orololuwa/go-backend-boilerplate/src/middleware/middleware.go:39.74,42.65 2 1
github.com/Orololuwa/go-backend-boilerplate/src/middleware/middleware.go:42.65,45.10 2 1
github.com/Orololuwa/go-backend-boilerplate/src/middleware/middleware.go:47.3,49.72 2 1
github.com/Orololuwa/go-backend-boilerplate/src/middleware/middleware.go:49.72,53.10 3 1
github.com/Orololuwa/go-backend-boilerplate/src/middleware/middleware.go:55.3,58.29 3 1
github.com/Orololuwa/go-backend-boilerplate/src/middleware/middleware.go:62.68,63.74 1 1
github.com/Orololuwa/go-backend-boilerplate/src/middleware/middleware.go:63.74,65.30 2 1
github.com/Orololuwa/go-backend-boilerplate/src/middleware/middleware.go:65.30,68.10 2 1
github.com/Orololuwa/go-backend-boilerplate/src/middleware/middleware.go:69.9,72.23 3 1
github.com/Orololuwa/go-backend-boilerplate/src/middleware/middleware.go:72.23,75.10 2 1
github.com/Orololuwa/go-backend-boilerplate/src/middleware/middleware.go:77.9,78.15 2 1
github.com/Orololuwa/go-backend-boilerplate/src/middleware/middleware.go:78.15,81.10 1 1
github.com/Orololuwa/go-backend-boilerplate/src/middleware/middleware.go:81.14,84.10 2 0
github.com/Orololuwa/go-backend-boilerplate/src/middleware/middleware.go:86.9,86.29 1 1
